2020-05-21 23:05:44.668  INFO 9232 --- [restartedMain] c.j.r.RestServiceApplication             : Starting RestServiceApplication on LAPTOP-N205SPLO with PID 9232 (C:\Randhir\Study\Spring\Workspace\randhirRetailService\target\classes started by randhirkumar in C:\Randhir\Study\Spring\Workspace\randhirRetailService)
2020-05-21 23:05:44.668  INFO 9232 --- [restartedMain] c.j.r.RestServiceApplication             : No active profile set, falling back to default profiles: default
2020-05-21 23:05:44.672  INFO 9232 --- [restartedMain] ConfigServletWebServerApplicationContext : Refreshing org.springframework.boot.web.servlet.context.AnnotationConfigServletWebServerApplicationContext@14b3ad45: startup date [Thu May 21 23:05:44 IST 2020]; root of context hierarchy
2020-05-21 23:05:45.424  INFO 9232 --- [restartedMain] o.s.b.w.embedded.tomcat.TomcatWebServer  : Tomcat initialized with port(s): 8080 (http)
2020-05-21 23:05:45.454  INFO 9232 --- [localhost-startStop-1] o.s.web.context.ContextLoader            : Root WebApplicationContext: initialization completed in 782 ms
2020-05-21 23:05:45.478  INFO 9232 --- [localhost-startStop-1] o.s.b.w.servlet.ServletRegistrationBean  : Servlet dispatcherServlet mapped to [/]
2020-05-21 23:05:45.478  INFO 9232 --- [localhost-startStop-1] o.s.b.w.servlet.FilterRegistrationBean   : Mapping filter: 'characterEncodingFilter' to: [/*]
2020-05-21 23:05:45.478  INFO 9232 --- [localhost-startStop-1] o.s.b.w.servlet.FilterRegistrationBean   : Mapping filter: 'hiddenHttpMethodFilter' to: [/*]
2020-05-21 23:05:45.478  INFO 9232 --- [localhost-startStop-1] o.s.b.w.servlet.FilterRegistrationBean   : Mapping filter: 'httpPutFormContentFilter' to: [/*]
2020-05-21 23:05:45.478  INFO 9232 --- [localhost-startStop-1] o.s.b.w.servlet.FilterRegistrationBean   : Mapping filter: 'requestContextFilter' to: [/*]
2020-05-21 23:05:45.510 DEBUG 9232 --- [restartedMain] com.zaxxer.hikari.HikariConfig           : Driver class com.mysql.jdbc.Driver found in Thread context class loader org.springframework.boot.devtools.restart.classloader.RestartClassLoader@6e27132e
2020-05-21 23:05:45.588  INFO 9232 --- [restartedMain] o.s.w.s.handler.SimpleUrlHandlerMapping  : Mapped URL path [/**/favicon.ico] onto handler of type [class org.springframework.web.servlet.resource.ResourceHttpRequestHandler]
2020-05-21 23:05:45.628  INFO 9232 --- [restartedMain] s.w.s.m.m.a.RequestMappingHandlerAdapter : Looking for @ControllerAdvice: org.springframework.boot.web.servlet.context.AnnotationConfigServletWebServerApplicationContext@14b3ad45: startup date [Thu May 21 23:05:44 IST 2020]; root of context hierarchy
2020-05-21 23:05:45.635  INFO 9232 --- [restartedMain] s.w.s.m.m.a.RequestMappingHandlerMapping : Mapped "{[/greeting],methods=[GET]}" onto public com.java.randhirRetail.Greeting com.java.randhirRetail.GreetingController.greeting(java.lang.String)
2020-05-21 23:05:45.643  INFO 9232 --- [restartedMain] s.w.s.m.m.a.RequestMappingHandlerMapping : Mapped "{[/error]}" onto public org.springframework.http.ResponseEntity<java.util.Map<java.lang.String, java.lang.Object>> org.springframework.boot.autoconfigure.web.servlet.error.BasicErrorController.error(javax.servlet.http.HttpServletRequest)
2020-05-21 23:05:45.643  INFO 9232 --- [restartedMain] s.w.s.m.m.a.RequestMappingHandlerMapping : Mapped "{[/error],produces=[text/html]}" onto public org.springframework.web.servlet.ModelAndView org.springframework.boot.autoconfigure.web.servlet.error.BasicErrorController.errorHtml(javax.servlet.http.HttpServletRequest,javax.servlet.http.HttpServletResponse)
2020-05-21 23:05:45.671  INFO 9232 --- [restartedMain] o.s.w.s.handler.SimpleUrlHandlerMapping  : Mapped URL path [/webjars/**] onto handler of type [class org.springframework.web.servlet.resource.ResourceHttpRequestHandler]
2020-05-21 23:05:45.671  INFO 9232 --- [restartedMain] o.s.w.s.handler.SimpleUrlHandlerMapping  : Mapped URL path [/**] onto handler of type [class org.springframework.web.servlet.resource.ResourceHttpRequestHandler]
2020-05-21 23:05:45.707  WARN 9232 --- [restartedMain] ion$DefaultTemplateResolverConfiguration : Cannot find template location: classpath:/templates/ (please add some templates or check your Thymeleaf configuration)
2020-05-21 23:05:45.769  INFO 9232 --- [restartedMain] o.s.b.d.a.OptionalLiveReloadServer       : LiveReload server is running on port 35729
2020-05-21 23:05:45.785  INFO 9232 --- [restartedMain] o.s.j.e.a.AnnotationMBeanExporter        : Registering beans for JMX exposure on startup
2020-05-21 23:05:45.789  INFO 9232 --- [restartedMain] o.s.j.e.a.AnnotationMBeanExporter        : Bean with name 'dataSource' has been autodetected for JMX exposure
2020-05-21 23:05:45.789  INFO 9232 --- [restartedMain] o.s.j.e.a.AnnotationMBeanExporter        : Located MBean 'dataSource': registering with JMX server as MBean [com.zaxxer.hikari:name=dataSource,type=HikariDataSource]
2020-05-21 23:05:45.803  INFO 9232 --- [restartedMain] o.s.b.w.embedded.tomcat.TomcatWebServer  : Tomcat started on port(s): 8080 (http) with context path ''
2020-05-21 23:05:45.803  INFO 9232 --- [restartedMain] c.j.r.RestServiceApplication             : Started RestServiceApplication in 1.187 seconds (JVM running for 105.677)
2020-05-21 23:05:45.807  INFO 9232 --- [restartedMain] .ConditionEvaluationDeltaLoggingListener : Condition evaluation unchanged
2020-05-21 23:06:03.543  INFO 9232 --- [Thread-10] ConfigServletWebServerApplicationContext : Closing org.springframework.boot.web.servlet.context.AnnotationConfigServletWebServerApplicationContext@14b3ad45: startup date [Thu May 21 23:05:44 IST 2020]; root of context hierarchy
2020-05-21 23:06:03.552  INFO 9232 --- [Thread-10] o.s.j.e.a.AnnotationMBeanExporter        : Unregistering JMX-exposed beans on shutdown
2020-05-21 23:06:03.552  INFO 9232 --- [Thread-10] o.s.j.e.a.AnnotationMBeanExporter        : Unregistering JMX-exposed beans
